<?xml version="1.0" encoding="UTF-8"?>
<testng-results ignored="0" total="4" passed="4" failed="0" skipped="0">
  <reporter-output>
  </reporter-output>
  <suite started-at="2022-09-24T14:31:29 ICT" name="Default suite" finished-at="2022-09-24T14:32:05 ICT" duration-ms="35191">
    <groups>
    </groups>
    <test started-at="2022-09-24T14:31:29 ICT" name="Default test" finished-at="2022-09-24T14:32:05 ICT" duration-ms="35191">
      <class name="ujian.ujiankelima.appium.runner.TestBMI">
        <test-method is-config="true" signature="befTest()[pri:0, instance:ujian.ujiankelima.appium.runner.TestBMI@54422e18]" started-at="2022-09-24T14:31:29 ICT" name="befTest" finished-at="2022-09-24T14:31:36 ICT" duration-ms="7017" status="PASS">
          <reporter-output>
          </reporter-output>
        </test-method> <!-- befTest -->
        <test-method signature="testDataMale()[pri:0, instance:ujian.ujiankelima.appium.runner.TestBMI@54422e18]" started-at="2022-09-24T14:31:37 ICT" name="testDataMale" finished-at="2022-09-24T14:31:47 ICT" duration-ms="10851" status="PASS">
          <reporter-output>
          </reporter-output>
        </test-method> <!-- testDataMale -->
        <test-method signature="testDataFemale()[pri:1, instance:ujian.ujiankelima.appium.runner.TestBMI@54422e18]" started-at="2022-09-24T14:31:47 ICT" name="testDataFemale" finished-at="2022-09-24T14:31:59 ICT" duration-ms="11838" status="PASS">
          <reporter-output>
          </reporter-output>
        </test-method> <!-- testDataFemale -->
        <test-method signature="testRateRate()[pri:2, instance:ujian.ujiankelima.appium.runner.TestBMI@54422e18]" started-at="2022-09-24T14:31:59 ICT" name="testRateRate" finished-at="2022-09-24T14:32:04 ICT" duration-ms="4331" status="PASS">
          <reporter-output>
          </reporter-output>
        </test-method> <!-- testRateRate -->
        <test-method signature="testSetting()[pri:3, instance:ujian.ujiankelima.appium.runner.TestBMI@54422e18]" started-at="2022-09-24T14:32:04 ICT" name="testSetting" finished-at="2022-09-24T14:32:05 ICT" duration-ms="1093" status="PASS">
          <reporter-output>
          </reporter-output>
        </test-method> <!-- testSetting -->
      </class> <!-- ujian.ujiankelima.appium.runner.TestBMI -->
    </test> <!-- Default test -->
  </suite> <!-- Default suite -->
</testng-results>
