<?xml version="1.0" encoding="UTF-8"?>
<testng-results ignored="0" total="4" passed="4" failed="0" skipped="0">
  <reporter-output>
  </reporter-output>
  <suite started-at="2022-09-25T10:21:51 ICT" name="Default suite" finished-at="2022-09-25T10:22:36 ICT" duration-ms="45309">
    <groups>
    </groups>
    <test started-at="2022-09-25T10:21:51 ICT" name="Default test" finished-at="2022-09-25T10:22:36 ICT" duration-ms="45309">
      <class name="ujian.ujiankelima.appium.runner.TestBMI">
        <test-method is-config="true" signature="befTest()[pri:0, instance:ujian.ujiankelima.appium.runner.TestBMI@235ecd9f]" started-at="2022-09-25T10:21:51 ICT" name="befTest" finished-at="2022-09-25T10:22:06 ICT" duration-ms="15258" status="PASS">
          <reporter-output>
          </reporter-output>
        </test-method> <!-- befTest -->
        <test-method signature="testDataMale()[pri:0, instance:ujian.ujiankelima.appium.runner.TestBMI@235ecd9f]" started-at="2022-09-25T10:22:06 ICT" name="testDataMale" finished-at="2022-09-25T10:22:18 ICT" duration-ms="11685" status="PASS">
          <reporter-output>
          </reporter-output>
        </test-method> <!-- testDataMale -->
        <test-method signature="testDataFemale()[pri:1, instance:ujian.ujiankelima.appium.runner.TestBMI@235ecd9f]" started-at="2022-09-25T10:22:18 ICT" name="testDataFemale" finished-at="2022-09-25T10:22:30 ICT" duration-ms="12136" status="PASS">
          <reporter-output>
          </reporter-output>
        </test-method> <!-- testDataFemale -->
        <test-method signature="testRateRate()[pri:2, instance:ujian.ujiankelima.appium.runner.TestBMI@235ecd9f]" started-at="2022-09-25T10:22:30 ICT" name="testRateRate" finished-at="2022-09-25T10:22:34 ICT" duration-ms="4524" status="PASS">
          <reporter-output>
          </reporter-output>
        </test-method> <!-- testRateRate -->
        <test-method signature="testSetting()[pri:3, instance:ujian.ujiankelima.appium.runner.TestBMI@235ecd9f]" started-at="2022-09-25T10:22:34 ICT" name="testSetting" finished-at="2022-09-25T10:22:35 ICT" duration-ms="1126" status="PASS">
          <reporter-output>
          </reporter-output>
        </test-method> <!-- testSetting -->
        <test-method is-config="true" signature="closeApp()[pri:0, instance:ujian.ujiankelima.appium.runner.TestBMI@235ecd9f]" started-at="2022-09-25T10:22:35 ICT" name="closeApp" finished-at="2022-09-25T10:22:36 ICT" duration-ms="510" status="PASS">
          <reporter-output>
          </reporter-output>
        </test-method> <!-- closeApp -->
      </class> <!-- ujian.ujiankelima.appium.runner.TestBMI -->
    </test> <!-- Default test -->
  </suite> <!-- Default suite -->
</testng-results>
