<?xml version="1.0" encoding="UTF-8"?>
<!-- Generated by org.testng.reporters.JUnitXMLReporter -->
<testsuite ignored="0" hostname="DESKTOP-KFF6RM1" failures="0" tests="4" name="Default test" time="35.191" errors="0" timestamp="2022-09-24T14:32:05 ICT">
  <testcase classname="ujian.ujiankelima.appium.runner.TestBMI" name="testDataMale" time="10.851"/>
  <testcase classname="ujian.ujiankelima.appium.runner.TestBMI" name="testDataFemale" time="11.838"/>
  <testcase classname="ujian.ujiankelima.appium.runner.TestBMI" name="testRateRate" time="4.331"/>
  <testcase classname="ujian.ujiankelima.appium.runner.TestBMI" name="testSetting" time="1.093"/>
</testsuite> <!-- Default test -->
