<?xml version="1.0" encoding="UTF-8"?>
<!-- Generated by org.testng.reporters.JUnitXMLReporter -->
<testsuite ignored="0" hostname="DESKTOP-KFF6RM1" failures="0" tests="4" name="Default test" time="45.309" errors="0" timestamp="2022-09-25T10:22:36 ICT">
  <testcase classname="ujian.ujiankelima.appium.runner.TestBMI" name="testDataMale" time="11.685"/>
  <testcase classname="ujian.ujiankelima.appium.runner.TestBMI" name="testDataFemale" time="12.136"/>
  <testcase classname="ujian.ujiankelima.appium.runner.TestBMI" name="testRateRate" time="4.524"/>
  <testcase classname="ujian.ujiankelima.appium.runner.TestBMI" name="testSetting" time="1.126"/>
</testsuite> <!-- Default test -->
